[I 2024-06-07 15:59:28.246 ServerApp] jupyter_lsp | extension was successfully linked.
[I 2024-06-07 15:59:28.249 ServerApp] jupyter_server_terminals | extension was successfully linked.
[I 2024-06-07 15:59:28.253 ServerApp] jupyterlab | extension was successfully linked.
[I 2024-06-07 15:59:28.256 ServerApp] notebook | extension was successfully linked.
[I 2024-06-07 15:59:28.426 ServerApp] notebook_shim | extension was successfully linked.
[I 2024-06-07 15:59:28.446 ServerApp] notebook_shim | extension was successfully loaded.
[I 2024-06-07 15:59:28.449 ServerApp] jupyter_lsp | extension was successfully loaded.
[I 2024-06-07 15:59:28.450 ServerApp] jupyter_server_terminals | extension was successfully loaded.
[I 2024-06-07 15:59:28.451 LabApp] JupyterLab extension loaded from /home/wooseok/anaconda3/envs/whisper_kor/lib/python3.9/site-packages/jupyterlab
[I 2024-06-07 15:59:28.451 LabApp] JupyterLab application directory is /home/wooseok/anaconda3/envs/whisper_kor/share/jupyter/lab
[I 2024-06-07 15:59:28.452 LabApp] Extension Manager is 'pypi'.
[I 2024-06-07 15:59:28.484 ServerApp] jupyterlab | extension was successfully loaded.
[I 2024-06-07 15:59:28.487 ServerApp] notebook | extension was successfully loaded.
[I 2024-06-07 15:59:28.487 ServerApp] The port 8888 is already in use, trying another port.
[I 2024-06-07 15:59:28.487 ServerApp] Serving notebooks from local directory: /home/wooseok/project/whisper_senior_kor/whisper_asr
[I 2024-06-07 15:59:28.487 ServerApp] Jupyter Server 2.14.1 is running at:
[I 2024-06-07 15:59:28.487 ServerApp] http://localhost:8889/tree?token=f9056ec657a792bcc3f47153a8a0e7b5fe1ce21a73f419d2
[I 2024-06-07 15:59:28.487 ServerApp]     http://127.0.0.1:8889/tree?token=f9056ec657a792bcc3f47153a8a0e7b5fe1ce21a73f419d2
[I 2024-06-07 15:59:28.487 ServerApp] Use Control-C to stop this server and shut down all kernels (twice to skip confirmation).
[C 2024-06-07 15:59:28.491 ServerApp] 
    
    To access the server, open this file in a browser:
        file:///home/wooseok/.local/share/jupyter/runtime/jpserver-1636054-open.html
    Or copy and paste one of these URLs:
        http://localhost:8889/tree?token=f9056ec657a792bcc3f47153a8a0e7b5fe1ce21a73f419d2
        http://127.0.0.1:8889/tree?token=f9056ec657a792bcc3f47153a8a0e7b5fe1ce21a73f419d2
[I 2024-06-07 15:59:28.529 ServerApp] Skipped non-installed server(s): bash-language-server, dockerfile-language-server-nodejs, javascript-typescript-langserver, jedi-language-server, julia-language-server, pyright, python-language-server, python-lsp-server, r-languageserver, sql-language-server, texlab, typescript-language-server, unified-language-server, vscode-css-languageserver-bin, vscode-html-languageserver-bin, vscode-json-languageserver-bin, yaml-language-server
[I 2024-06-07 15:59:37.059 ServerApp] Creating new notebook in 
[I 2024-06-07 15:59:37.128 ServerApp] Writing notebook-signing key to /home/wooseok/.local/share/jupyter/notebook_secret
[I 2024-06-07 15:59:37.544 ServerApp] Saving file at /Untitled.ipynb
[I 2024-06-07 15:59:37.673 ServerApp] Kernel started: 3af67d72-1b8d-4da6-89dc-f494ce8bb52a
[I 2024-06-07 15:59:38.201 ServerApp] Connecting to kernel 3af67d72-1b8d-4da6-89dc-f494ce8bb52a.
[I 2024-06-07 15:59:38.205 ServerApp] Connecting to kernel 3af67d72-1b8d-4da6-89dc-f494ce8bb52a.
[I 2024-06-07 15:59:38.209 ServerApp] Connecting to kernel 3af67d72-1b8d-4da6-89dc-f494ce8bb52a.
[I 2024-06-07 15:59:40.230 ServerApp] Connecting to kernel 3af67d72-1b8d-4da6-89dc-f494ce8bb52a.
[I 2024-06-07 15:59:40.828 ServerApp] Connecting to kernel 3af67d72-1b8d-4da6-89dc-f494ce8bb52a.
[W 2024-06-07 16:01:08.202 ServerApp] WebSocket ping timeout after 90001 ms.
[W 2024-06-07 16:01:08.210 ServerApp] WebSocket ping timeout after 90001 ms.
[W 2024-06-07 16:01:10.232 ServerApp] WebSocket ping timeout after 90002 ms.
[I 2024-06-07 16:01:52.209 ServerApp] Saving file at /whisper_kor_test.ipynb
[I 2024-06-07 16:04:26.708 ServerApp] Interrupted...
[IPKernelApp] WARNING | Parent appears to have exited, shutting down.
